<?xml version="1.0" encoding="UTF-8"?>
<testng-results ignored="0" total="1" passed="1" failed="0" skipped="0">
  <reporter-output>
  </reporter-output>
  <suite started-at="2021-11-25T04:06:02 GMT" name="Suite1" finished-at="2021-11-25T04:06:11 GMT" duration-ms="8541">
    <groups>
    </groups>
    <test started-at="2021-11-25T04:06:02 GMT" name="Test1" finished-at="2021-11-25T04:06:11 GMT" duration-ms="8541">
      <class name="demo.GoogleSearchPageTest2">
        <test-method is-config="true" signature="setup()[pri:0, instance:demo.GoogleSearchPageTest2@1de76cc7]" started-at="2021-11-25T04:06:02 GMT" name="setup" finished-at="2021-11-25T04:06:06 GMT" duration-ms="3934" status="PASS">
          <reporter-output>
          </reporter-output>
        </test-method> <!-- setup -->
        <test-method signature="test()[pri:0, instance:demo.GoogleSearchPageTest2@1de76cc7]" started-at="2021-11-25T04:06:06 GMT" name="test" finished-at="2021-11-25T04:06:09 GMT" duration-ms="2452" status="PASS">
          <reporter-output>
          </reporter-output>
        </test-method> <!-- test -->
        <test-method is-config="true" signature="teardown()[pri:0, instance:demo.GoogleSearchPageTest2@1de76cc7]" started-at="2021-11-25T04:06:09 GMT" name="teardown" finished-at="2021-11-25T04:06:11 GMT" duration-ms="2110" status="PASS">
          <reporter-output>
          </reporter-output>
        </test-method> <!-- teardown -->
      </class> <!-- demo.GoogleSearchPageTest2 -->
    </test> <!-- Test1 -->
  </suite> <!-- Suite1 -->
</testng-results>
